#
# There is insufficient memory for the Java Runtime Environment to continue.
# Native memory allocation (mmap) failed to map 567439360 bytes for committing reserved memory.
# Possible reasons:
#   The system is out of physical RAM or swap space
#   In 32 bit mode, the process size limit was hit
# Possible solutions:
#   Reduce memory load on the system
#   Increase physical memory or swap space
#   Check if swap backing store is full
#   Use 64 bit Java on a 64 bit OS
#   Decrease Java heap size (-Xmx/-Xms)
#   Decrease number of Java threads
#   Decrease Java thread stack sizes (-Xss)
#   Set larger code cache with -XX:ReservedCodeCacheSize=
# This output file may be truncated or incomplete.
#
#  Out of Memory Error (os_linux.cpp:2673), pid=16825, tid=139927014364928
#
# JRE version: Java(TM) SE Runtime Environment (8.0_45-b14) (build 1.8.0_45-b14)
# Java VM: Java HotSpot(TM) 64-Bit Server VM (25.45-b02 mixed mode linux-amd64 compressed oops)
# Failed to write core dump. Core dumps have been disabled. To enable core dumping, try "ulimit -c unlimited" before starting Java again
#

---------------  T H R E A D  ---------------

Current thread (0x0000000001761800):  VMThread [stack: 0x00007f434bec5000,0x00007f434bfc6000] [id=16827]

Stack: [0x00007f434bec5000,0x00007f434bfc6000],  sp=0x00007f434bfc4320,  free space=1020k
Native frames: (J=compiled Java code, j=interpreted, Vv=VM code, C=native code)
V  [libjvm.so+0xaac99a]  VMError::report_and_die()+0x2ba
V  [libjvm.so+0x4f333b]  report_vm_out_of_memory(char const*, int, unsigned long, VMErrorType, char const*)+0x8b
V  [libjvm.so+0x90e7c3]  os::Linux::commit_memory_impl(char*, unsigned long, bool)+0x103
V  [libjvm.so+0x90ed19]  os::pd_commit_memory(char*, unsigned long, unsigned long, bool)+0x29
V  [libjvm.so+0x90867a]  os::commit_memory(char*, unsigned long, unsigned long, bool)+0x2a
V  [libjvm.so+0xaa8649]  VirtualSpace::expand_by(unsigned long, bool)+0x1c9
V  [libjvm.so+0x5ecb35]  OneContigSpaceCardGeneration::grow_by(unsigned long)+0x25
V  [libjvm.so+0x5eceff]  CardGeneration::expand(unsigned long, unsigned long)+0x6f
V  [libjvm.so+0x5ecfae]  OneContigSpaceCardGeneration::expand(unsigned long, unsigned long)+0x3e
V  [libjvm.so+0x5de114]  GenCollectedHeap::do_collection(bool, bool, unsigned long, bool, int)+0x784
V  [libjvm.so+0x480664]  GenCollectorPolicy::satisfy_failed_allocation(unsigned long, bool)+0x134
V  [libjvm.so+0xaad864]  VM_GenCollectForAllocation::doit()+0x94
V  [libjvm.so+0xab59c5]  VM_Operation::evaluate()+0x55
V  [libjvm.so+0xab3d9a]  VMThread::evaluate_operation(VM_Operation*)+0xba
V  [libjvm.so+0xab411e]  VMThread::loop()+0x1ce
V  [libjvm.so+0xab4590]  VMThread::run()+0x70
V  [libjvm.so+0x910de8]  java_start(Thread*)+0x108

VM_Operation (0x00007f434a1f1b00): GenCollectForAllocation, mode: safepoint, requested by thread 0x00007f43443b1800


---------------  P R O C E S S  ---------------

Java Threads: ( => current thread )
  0x00007f43443b1800 JavaThread "qtp1911006827-21" [_thread_blocked, id=16922, stack(0x00007f434a0f3000,0x00007f434a1f4000)]
  0x0000000001df6800 JavaThread "Scheduler-897913732" [_thread_blocked, id=16921, stack(0x00007f434a3f4000,0x00007f434a4f5000)]
  0x0000000001c90800 JavaThread "HashSessionScavenger-0" daemon [_thread_blocked, id=16845, stack(0x00007f434a906000,0x00007f434aa07000)]
  0x0000000001c8b000 JavaThread "qtp1911006827-18" [_thread_blocked, id=16844, stack(0x00007f434aa07000,0x00007f434ab08000)]
  0x0000000001c89000 JavaThread "qtp1911006827-17" [_thread_blocked, id=16843, stack(0x00007f434ab08000,0x00007f434ac09000)]
  0x0000000001c4b800 JavaThread "qtp1911006827-16" [_thread_blocked, id=16842, stack(0x00007f434ac09000,0x00007f434ad0a000)]
  0x0000000001c49800 JavaThread "qtp1911006827-15" [_thread_blocked, id=16841, stack(0x00007f434ad0a000,0x00007f434ae0b000)]
  0x0000000001c47800 JavaThread "qtp1911006827-14" [_thread_blocked, id=16840, stack(0x00007f434ae0b000,0x00007f434af0c000)]
  0x0000000001c43800 JavaThread "qtp1911006827-12-acceptor-0-ServerConnector@2176ba4e{HTTP/1.1}{0.0.0.0:8080}" [_thread_in_native, id=16838, stack(0x00007f434b00d000,0x00007f434b10e000)]
  0x0000000001c42000 JavaThread "qtp1911006827-11-selector-0" [_thread_in_native, id=16837, stack(0x00007f434b10e000,0x00007f434b20f000)]
  0x0000000001b7a800 JavaThread "DateCache" daemon [_thread_blocked, id=16836, stack(0x00007f434b20f000,0x00007f434b310000)]
  0x00000000018e4800 JavaThread "Abandoned connection cleanup thread" daemon [_thread_blocked, id=16835, stack(0x00007f434b527000,0x00007f434b628000)]
  0x00000000017fc000 JavaThread "Service Thread" daemon [_thread_blocked, id=16833, stack(0x00007f434b748000,0x00007f434b849000)]
  0x00000000017aa800 JavaThread "C1 CompilerThread1" daemon [_thread_blocked, id=16832, stack(0x00007f434b849000,0x00007f434b94a000)]
  0x00000000017a8000 JavaThread "C2 CompilerThread0" daemon [_thread_blocked, id=16831, stack(0x00007f434b94a000,0x00007f434ba4b000)]
  0x00000000017a6800 JavaThread "Signal Dispatcher" daemon [_thread_blocked, id=16830, stack(0x00007f434ba4b000,0x00007f434bb4c000)]
  0x0000000001768800 JavaThread "Finalizer" daemon [_thread_blocked, id=16829, stack(0x00007f434bcc3000,0x00007f434bdc4000)]
  0x0000000001766800 JavaThread "Reference Handler" daemon [_thread_blocked, id=16828, stack(0x00007f434bdc4000,0x00007f434bec5000)]
  0x00000000016fd000 JavaThread "main" [_thread_blocked, id=16826, stack(0x00007f435f281000,0x00007f435f382000)]

Other Threads:
=>0x0000000001761800 VMThread [stack: 0x00007f434bec5000,0x00007f434bfc6000] [id=16827]
  0x0000000001801800 WatcherThread [stack: 0x00007f434b647000,0x00007f434b748000] [id=16834]

VM state:at safepoint (normal execution)

VM Mutex/Monitor currently owned by a thread:  ([mutex/lock_event])
[0x00000000016f96a0] Threads_lock - owner thread: 0x0000000001761800
[0x00000000016f9ba0] Heap_lock - owner thread: 0x00007f43443b1800

Heap:
 def new generation   total 372864K, used 8848K [0x0000000080000000, 0x0000000099490000, 0x00000000aaaa0000)
  eden space 331456K,   2% used [0x0000000080000000, 0x00000000808a40f8, 0x00000000943b0000)
  from space 41408K,   0% used [0x00000000943b0000, 0x00000000943b0000, 0x0000000096c20000)
  to   space 41408K,   0% used [0x0000000096c20000, 0x0000000096c20000, 0x0000000099490000)
 tenured generation   total 831208K, used 831207K [0x00000000aaaa0000, 0x00000000dd65a000, 0x0000000100000000)
   the space 831208K,  99% used [0x00000000aaaa0000, 0x00000000dd659ff8, 0x00000000dd65a000, 0x00000000dd65a000)
 Metaspace       used 12059K, capacity 12198K, committed 12416K, reserved 1060864K
  class space    used 1211K, capacity 1309K, committed 1408K, reserved 1048576K

Card table byte_map: [0x00007f434cd0f000,0x00007f434d110000] byte_map_base: 0x00007f434c90f000

Polling page: 0x00007f435f38c000

CodeCache: size=245760Kb used=8875Kb max_used=9862Kb free=236884Kb
 bounds [0x00007f434d4d0000, 0x00007f434def0000, 0x00007f435c4d0000]
 total_blobs=2379 nmethods=1979 adapters=315
 compilation: enabled

Compilation events (10 events):
Event: 875.817 Thread 0x00000000017a8000 2886       4       java.util.Collections$UnmodifiableCollection$1::hasNext (10 bytes)
Event: 875.818 Thread 0x00000000017a8000 nmethod 2886 0x00007f434d8ebe50 code [0x00007f434d8ebfa0, 0x00007f434d8ec018]
Event: 882.388 Thread 0x00000000017a8000 2887       4       org.json.JSONObject::putOnce (57 bytes)
Event: 882.435 Thread 0x00000000017a8000 nmethod 2887 0x00007f434d9c70d0 code [0x00007f434d9c7280, 0x00007f434d9c7a88]
Event: 883.159 Thread 0x00000000017a8000 2888       4       java.util.Locale::hashCode (41 bytes)
Event: 883.161 Thread 0x00000000017a8000 nmethod 2888 0x00007f434d9c6dd0 code [0x00007f434d9c6f20, 0x00007f434d9c6fe8]
Event: 893.536 Thread 0x00000000017aa800 2889       3       org.eclipse.jetty.io.SelectChannelEndPoint::onSelected (93 bytes)
Event: 893.538 Thread 0x00000000017aa800 nmethod 2889 0x00007f434d6650d0 code [0x00007f434d665300, 0x00007f434d666188]
Event: 912.959 Thread 0x00000000017aa800 2890   !   3       org.eclipse.jetty.server.HttpInput::messageComplete (74 bytes)
Event: 912.961 Thread 0x00000000017aa800 nmethod 2890 0x00007f434da423d0 code [0x00007f434da42580, 0x00007f434da42ce0]

GC Heap History (10 events):
Event: 911.586 GC heap after
Heap after GC invocations=334 (full 3):
 def new generation   total 372864K, used 24428K [0x0000000080000000, 0x0000000099490000, 0x00000000aaaa0000)
  eden space 331456K,   0% used [0x0000000080000000, 0x0000000080000000, 0x00000000943b0000)
  from space 41408K,  58% used [0x0000000096c20000, 0x00000000983fb208, 0x0000000099490000)
  to   space 41408K,   0% used [0x00000000943b0000, 0x00000000943b0000, 0x0000000096c20000)
 tenured generation   total 828328K, used 807009K [0x00000000aaaa0000, 0x00000000dd38a000, 0x0000000100000000)
   the space 828328K,  97% used [0x00000000aaaa0000, 0x00000000dbeb8400, 0x00000000dbeb8400, 0x00000000dd38a000)
 Metaspace       used 12059K, capacity 12198K, committed 12416K, reserved 1060864K
  class space    used 1211K, capacity 1309K, committed 1408K, reserved 1048576K
}
Event: 916.635 GC heap before
{Heap before GC invocations=334 (full 3):
 def new generation   total 372864K, used 355884K [0x0000000080000000, 0x0000000099490000, 0x00000000aaaa0000)
  eden space 331456K, 100% used [0x0000000080000000, 0x00000000943b0000, 0x00000000943b0000)
  from space 41408K,  58% used [0x0000000096c20000, 0x00000000983fb208, 0x0000000099490000)
  to   space 41408K,   0% used [0x00000000943b0000, 0x00000000943b0000, 0x0000000096c20000)
 tenured generation   total 828328K, used 807009K [0x00000000aaaa0000, 0x00000000dd38a000, 0x0000000100000000)
   the space 828328K,  97% used [0x00000000aaaa0000, 0x00000000dbeb8400, 0x00000000dbeb8400, 0x00000000dd38a000)
 Metaspace       used 12059K, capacity 12198K, committed 12416K, reserved 1060864K
  class space    used 1211K, capacity 1309K, committed 1408K, reserved 1048576K
Event: 916.861 GC heap after
Heap after GC invocations=335 (full 3):
 def new generation   total 372864K, used 24653K [0x0000000080000000, 0x0000000099490000, 0x00000000aaaa0000)
  eden space 331456K,   0% used [0x0000000080000000, 0x0000000080000000, 0x00000000943b0000)
  from space 41408K,  59% used [0x00000000943b0000, 0x0000000095bc36b8, 0x0000000096c20000)
  to   space 41408K,   0% used [0x0000000096c20000, 0x0000000096c20000, 0x0000000099490000)
 tenured generation   total 828328K, used 811469K [0x00000000aaaa0000, 0x00000000dd38a000, 0x0000000100000000)
   the space 828328K,  97% used [0x00000000aaaa0000, 0x00000000dc3135a0, 0x00000000dc313600, 0x00000000dd38a000)
 Metaspace       used 12059K, capacity 12198K, committed 12416K, reserved 1060864K
  class space    used 1211K, capacity 1309K, committed 1408K, reserved 1048576K
}
Event: 922.510 GC heap before
{Heap before GC invocations=335 (full 3):
 def new generation   total 372864K, used 356109K [0x0000000080000000, 0x0000000099490000, 0x00000000aaaa0000)
  eden space 331456K, 100% used [0x0000000080000000, 0x00000000943b0000, 0x00000000943b0000)
  from space 41408K,  59% used [0x00000000943b0000, 0x0000000095bc36b8, 0x0000000096c20000)
  to   space 41408K,   0% used [0x0000000096c20000, 0x0000000096c20000, 0x0000000099490000)
 tenured generation   total 828328K, used 811469K [0x00000000aaaa0000, 0x00000000dd38a000, 0x0000000100000000)
   the space 828328K,  97% used [0x00000000aaaa0000, 0x00000000dc3135a0, 0x00000000dc313600, 0x00000000dd38a000)
 Metaspace       used 12059K, capacity 12198K, committed 12416K, reserved 1060864K
  class space    used 1211K, capacity 1309K, committed 1408K, reserved 1048576K
Event: 922.721 GC heap after
Heap after GC invocations=336 (full 3):
 def new generation   total 372864K, used 24544K [0x0000000080000000, 0x0000000099490000, 0x00000000aaaa0000)
  eden space 331456K,   0% used [0x0000000080000000, 0x0000000080000000, 0x00000000943b0000)
  from space 41408K,  59% used [0x0000000096c20000, 0x00000000984182e0, 0x0000000099490000)
  to   space 41408K,   0% used [0x00000000943b0000, 0x00000000943b0000, 0x0000000096c20000)
 tenured generation   total 828328K, used 816881K [0x00000000aaaa0000, 0x00000000dd38a000, 0x0000000100000000)
   the space 828328K,  98% used [0x00000000aaaa0000, 0x00000000dc85c770, 0x00000000dc85c800, 0x00000000dd38a000)
 Metaspace       used 12059K, capacity 12198K, committed 12416K, reserved 1060864K
  class space    used 1211K, capacity 1309K, committed 1408K, reserved 1048576K
}
Event: 927.827 GC heap before
{Heap before GC invocations=336 (full 3):
 def new generation   total 372864K, used 356000K [0x0000000080000000, 0x0000000099490000, 0x00000000aaaa0000)
  eden space 331456K, 100% used [0x0000000080000000, 0x00000000943b0000, 0x00000000943b0000)
  from space 41408K,  59% used [0x0000000096c20000, 0x00000000984182e0, 0x0000000099490000)
  to   space 41408K,   0% used [0x00000000943b0000, 0x00000000943b0000, 0x0000000096c20000)
 tenured generation   total 828328K, used 816881K [0x00000000aaaa0000, 0x00000000dd38a000, 0x0000000100000000)
   the space 828328K,  98% used [0x00000000aaaa0000, 0x00000000dc85c770, 0x00000000dc85c800, 0x00000000dd38a000)
 Metaspace       used 12059K, capacity 12198K, committed 12416K, reserved 1060864K
  class space    used 1211K, capacity 1309K, committed 1408K, reserved 1048576K
Event: 928.147 GC heap after
Heap after GC invocations=337 (full 3):
 def new generation   total 372864K, used 24166K [0x0000000080000000, 0x0000000099490000, 0x00000000aaaa0000)
  eden space 331456K,   0% used [0x0000000080000000, 0x0000000080000000, 0x00000000943b0000)
  from space 41408K,  58% used [0x00000000943b0000, 0x0000000095b499b8, 0x0000000096c20000)
  to   space 41408K,   0% used [0x0000000096c20000, 0x0000000096c20000, 0x0000000099490000)
 tenured generation   total 828328K, used 821655K [0x00000000aaaa0000, 0x00000000dd38a000, 0x0000000100000000)
   the space 828328K,  99% used [0x00000000aaaa0000, 0x00000000dcd05d28, 0x00000000dcd05e00, 0x00000000dd38a000)
 Metaspace       used 12059K, capacity 12198K, committed 12416K, reserved 1060864K
  class space    used 1211K, capacity 1309K, committed 1408K, reserved 1048576K
}
Event: 932.815 GC heap before
{Heap before GC invocations=337 (full 3):
 def new generation   total 372864K, used 355622K [0x0000000080000000, 0x0000000099490000, 0x00000000aaaa0000)
  eden space 331456K, 100% used [0x0000000080000000, 0x00000000943b0000, 0x00000000943b0000)
  from space 41408K,  58% used [0x00000000943b0000, 0x0000000095b499b8, 0x0000000096c20000)
  to   space 41408K,   0% used [0x0000000096c20000, 0x0000000096c20000, 0x0000000099490000)
 tenured generation   total 828328K, used 821655K [0x00000000aaaa0000, 0x00000000dd38a000, 0x0000000100000000)
   the space 828328K,  99% used [0x00000000aaaa0000, 0x00000000dcd05d28, 0x00000000dcd05e00, 0x00000000dd38a000)
 Metaspace       used 12059K, capacity 12198K, committed 12416K, reserved 1060864K
  class space    used 1211K, capacity 1309K, committed 1408K, reserved 1048576K
Event: 933.027 GC heap after
Heap after GC invocations=338 (full 3):
 def new generation   total 372864K, used 24528K [0x0000000080000000, 0x0000000099490000, 0x00000000aaaa0000)
  eden space 331456K,   0% used [0x0000000080000000, 0x0000000080000000, 0x00000000943b0000)
  from space 41408K,  59% used [0x0000000096c20000, 0x0000000098414130, 0x0000000099490000)
  to   space 41408K,   0% used [0x00000000943b0000, 0x00000000943b0000, 0x0000000096c20000)
 tenured generation   total 828328K, used 826340K [0x00000000aaaa0000, 0x00000000dd38a000, 0x0000000100000000)
   the space 828328K,  99% used [0x00000000aaaa0000, 0x00000000dd199050, 0x00000000dd199200, 0x00000000dd38a000)
 Metaspace       used 12059K, capacity 12198K, committed 12416K, reserved 1060864K
  class space    used 1211K, capacity 1309K, committed 1408K, reserved 1048576K
}
Event: 938.468 GC heap before
{Heap before GC invocations=338 (full 3):
 def new generation   total 372864K, used 355984K [0x0000000080000000, 0x0000000099490000, 0x00000000aaaa0000)
  eden space 331456K, 100% used [0x0000000080000000, 0x00000000943b0000, 0x00000000943b0000)
  from space 41408K,  59% used [0x0000000096c20000, 0x0000000098414130, 0x0000000099490000)
  to   space 41408K,   0% used [0x00000000943b0000, 0x00000000943b0000, 0x0000000096c20000)
 tenured generation   total 828328K, used 826340K [0x00000000aaaa0000, 0x00000000dd38a000, 0x0000000100000000)
   the space 828328K,  99% used [0x00000000aaaa0000, 0x00000000dd199050, 0x00000000dd199200, 0x00000000dd38a000)
 Metaspace       used 12059K, capacity 12198K, committed 12416K, reserved 1060864K
  class space    used 1211K, capacity 1309K, committed 1408K, reserved 1048576K

Deoptimization events (10 events):
Event: 167.013 Thread 0x0000000001c4b800 Uncommon trap: reason=unstable_if action=reinterpret pc=0x00007f434d878228 method=java.util.HashMap.removeNode(ILjava/lang/Object;Ljava/lang/Object;ZZ)Ljava/util/HashMap$Node; @ 58
Event: 176.545 Thread 0x0000000001c47800 Uncommon trap: reason=class_check action=maybe_recompile pc=0x00007f434db45d08 method=java.util.HashMap.putVal(ILjava/lang/Object;Ljava/lang/Object;ZZ)Ljava/lang/Object; @ 91
Event: 206.669 Thread 0x0000000001c89000 Uncommon trap: reason=bimorphic action=maybe_recompile pc=0x00007f434d5f4130 method=java.util.HashMap.putVal(ILjava/lang/Object;Ljava/lang/Object;ZZ)Ljava/lang/Object; @ 91
Event: 206.670 Thread 0x0000000001c89000 Uncommon trap: reason=unstable_if action=reinterpret pc=0x00007f434de0845c method=java.util.HashMap.removeNode(ILjava/lang/Object;Ljava/lang/Object;ZZ)Ljava/util/HashMap$Node; @ 58
Event: 307.620 Thread 0x0000000001c4b800 Uncommon trap: reason=unstable_if action=reinterpret pc=0x00007f434da143c8 method=org.eclipse.jetty.server.Request.recycle()V @ 253
Event: 387.422 Thread 0x0000000001c4b800 Uncommon trap: reason=unstable_if action=reinterpret pc=0x00007f434dd786ec method=org.eclipse.jetty.server.Request.recycle()V @ 253
Event: 459.025 Thread 0x0000000001c89000 Uncommon trap: reason=bimorphic action=maybe_recompile pc=0x00007f434d5f4130 method=java.util.HashMap.putVal(ILjava/lang/Object;Ljava/lang/Object;ZZ)Ljava/lang/Object; @ 91
Event: 497.805 Thread 0x0000000001c49800 Uncommon trap: reason=unstable_if action=reinterpret pc=0x00007f434d67c134 method=com.mysql.jdbc.MysqlIO.setServerSlowQueryFlags()V @ 27
Event: 545.787 Thread 0x0000000001c49800 Uncommon trap: reason=unstable_if action=reinterpret pc=0x00007f434d9c718c method=java.util.HashMap.putVal(ILjava/lang/Object;Ljava/lang/Object;ZZ)Ljava/lang/Object; @ 162
Event: 758.879 Thread 0x0000000001c89000 Uncommon trap: reason=unstable_if action=reinterpret pc=0x00007f434d60af2c method=java.util.HashMap.resize()[Ljava/util/HashMap$Node; @ 206

Internal exceptions (10 events):
Event: 77.709 Thread 0x0000000001c43800 Exception <a 'java/lang/NoSuchFieldError': method resolution failed> (0x00000000813f8070) thrown at [/RE-WORK/workspace/8-2-build-linux-amd64/jdk8u45/3457/hotspot/src/share/vm/prims/methodHandles.cpp, line 1125]
Event: 77.724 Thread 0x0000000001c43800 Exception <a 'java/lang/NoSuchFieldError': method resolution failed> (0x00000000814069a0) thrown at [/RE-WORK/workspace/8-2-build-linux-amd64/jdk8u45/3457/hotspot/src/share/vm/prims/methodHandles.cpp, line 1125]
Event: 106.682 Thread 0x0000000001c8b000 Implicit null exception at 0x00007f434d859bb1 to 0x00007f434d859f75
Event: 106.684 Thread 0x0000000001c8b000 Implicit null exception at 0x00007f434d8ff47d to 0x00007f434d900629
Event: 106.705 Thread 0x0000000001c89000 Implicit null exception at 0x00007f434db670b7 to 0x00007f434db6c9ed
Event: 119.403 Thread 0x0000000001c89000 Implicit null exception at 0x00007f434dc869a3 to 0x00007f434dc866c1
Event: 129.296 Thread 0x0000000001c4b800 Implicit null exception at 0x00007f434ddf41de to 0x00007f434ddf5141
Event: 130.532 Thread 0x0000000001c42000 Implicit null exception at 0x00007f434ddc3172 to 0x00007f434ddc3455
Event: 307.620 Thread 0x0000000001c4b800 Implicit null exception at 0x00007f434da12b8c to 0x00007f434da143b1
Event: 387.422 Thread 0x0000000001c4b800 Implicit null exception at 0x00007f434dd77bc1 to 0x00007f434dd786d5

Events (10 events):
Event: 921.849 Executing VM operation: RevokeBias done
Event: 921.849 Executing VM operation: RevokeBias
Event: 921.849 Executing VM operation: RevokeBias done
Event: 922.510 Executing VM operation: GenCollectForAllocation
Event: 922.730 Executing VM operation: GenCollectForAllocation done
Event: 927.826 Executing VM operation: GenCollectForAllocation
Event: 928.147 Executing VM operation: GenCollectForAllocation done
Event: 932.815 Executing VM operation: GenCollectForAllocation
Event: 933.035 Executing VM operation: GenCollectForAllocation done
Event: 938.468 Executing VM operation: GenCollectForAllocation


Dynamic libraries:
00400000-00401000 r-xp 00000000 fe:00 527561                             /usr/lib/jvm/java-8-oracle/jre/bin/java
00600000-00601000 rw-p 00000000 fe:00 527561                             /usr/lib/jvm/java-8-oracle/jre/bin/java
016f2000-037d7000 rw-p 00000000 00:00 0                                  [heap]
80000000-99490000 rw-p 00000000 00:00 0 
99490000-aaaa0000 ---p 00000000 00:00 0 
aaaa0000-dd65a000 rw-p 00000000 00:00 0 
ff381000-100000000 ---p 00000000 00:00 0 
100000000-100160000 rw-p 00000000 00:00 0 
100160000-140000000 ---p 00000000 00:00 0 
7f4344000000-7f434481c000 rw-p 00000000 00:00 0 
7f434481c000-7f4348000000 ---p 00000000 00:00 0 
7f4349ff2000-7f4349ff5000 ---p 00000000 00:00 0 
7f4349ff5000-7f434a0f3000 rw-p 00000000 00:00 0 
7f434a0f3000-7f434a0f6000 ---p 00000000 00:00 0 
7f434a0f6000-7f434a2b4000 rw-p 00000000 00:00 0 
7f434a2b4000-7f434a3f4000 ---p 00000000 00:00 0 
7f434a3f4000-7f434a3f7000 ---p 00000000 00:00 0 
7f434a3f7000-7f434a6f5000 rw-p 00000000 00:00 0 
7f434a6f5000-7f434a706000 r-xp 00000000 fe:00 527858                     /usr/lib/jvm/java-8-oracle/jre/lib/amd64/libnio.so
7f434a706000-7f434a905000 ---p 00011000 fe:00 527858                     /usr/lib/jvm/java-8-oracle/jre/lib/amd64/libnio.so
7f434a905000-7f434a906000 rw-p 00010000 fe:00 527858                     /usr/lib/jvm/java-8-oracle/jre/lib/amd64/libnio.so
7f434a906000-7f434a909000 ---p 00000000 00:00 0 
7f434a909000-7f434aa07000 rw-p 00000000 00:00 0 
7f434aa07000-7f434aa0a000 ---p 00000000 00:00 0 
7f434aa0a000-7f434ab08000 rw-p 00000000 00:00 0 
7f434ab08000-7f434ab0b000 ---p 00000000 00:00 0 
7f434ab0b000-7f434ac09000 rw-p 00000000 00:00 0 
7f434ac09000-7f434ac0c000 ---p 00000000 00:00 0 
7f434ac0c000-7f434ad0a000 rw-p 00000000 00:00 0 
7f434ad0a000-7f434ad0d000 ---p 00000000 00:00 0 
7f434ad0d000-7f434ae0b000 rw-p 00000000 00:00 0 
7f434ae0b000-7f434ae0e000 ---p 00000000 00:00 0 
7f434ae0e000-7f434af0c000 rw-p 00000000 00:00 0 
7f434af0c000-7f434af0f000 ---p 00000000 00:00 0 
7f434af0f000-7f434b00d000 rw-p 00000000 00:00 0 
7f434b00d000-7f434b010000 ---p 00000000 00:00 0 
7f434b010000-7f434b10e000 rw-p 00000000 00:00 0 
7f434b10e000-7f434b111000 ---p 00000000 00:00 0 
7f434b111000-7f434b20f000 rw-p 00000000 00:00 0 
7f434b20f000-7f434b212000 ---p 00000000 00:00 0 
7f434b212000-7f434b310000 rw-p 00000000 00:00 0 
7f434b310000-7f434b326000 r-xp 00000000 fe:00 527874                     /usr/lib/jvm/java-8-oracle/jre/lib/amd64/libnet.so
7f434b326000-7f434b526000 ---p 00016000 fe:00 527874                     /usr/lib/jvm/java-8-oracle/jre/lib/amd64/libnet.so
7f434b526000-7f434b527000 rw-p 00016000 fe:00 527874                     /usr/lib/jvm/java-8-oracle/jre/lib/amd64/libnet.so
7f434b527000-7f434b52a000 ---p 00000000 00:00 0 
7f434b52a000-7f434b628000 rw-p 00000000 00:00 0 
7f434b628000-7f434b647000 r--s 0023d000 fe:00 789565                     /var/www/L1.1.jar
7f434b647000-7f434b648000 ---p 00000000 00:00 0 
7f434b648000-7f434b748000 rw-p 00000000 00:00 0 
7f434b748000-7f434b74b000 ---p 00000000 00:00 0 
7f434b74b000-7f434b849000 rw-p 00000000 00:00 0 
7f434b849000-7f434b84c000 ---p 00000000 00:00 0 
7f434b84c000-7f434b94a000 rw-p 00000000 00:00 0 
7f434b94a000-7f434b94d000 ---p 00000000 00:00 0 
7f434b94d000-7f434ba4b000 rw-p 00000000 00:00 0 
7f434ba4b000-7f434ba4e000 ---p 00000000 00:00 0 
7f434ba4e000-7f434bb4c000 rw-p 00000000 00:00 0 
7f434bb4c000-7f434bcc3000 r--p 00000000 fe:00 265500                     /usr/lib/locale/locale-archive
7f434bcc3000-7f434bcc6000 ---p 00000000 00:00 0 
7f434bcc6000-7f434bdc4000 rw-p 00000000 00:00 0 
7f434bdc4000-7f434bdc7000 ---p 00000000 00:00 0 
7f434bdc7000-7f434bec5000 rw-p 00000000 00:00 0 
7f434bec5000-7f434bec6000 ---p 00000000 00:00 0 
7f434bec6000-7f434c015000 rw-p 00000000 00:00 0 
7f434c015000-7f434c1ee000 r--s 03d09000 fe:00 527668                     /usr/lib/jvm/java-8-oracle/jre/lib/rt.jar
7f434c1ee000-7f434cbfa000 rw-p 00000000 00:00 0 
7f434cbfa000-7f434cd0f000 ---p 00000000 00:00 0 
7f434cd0f000-7f434cdda000 rw-p 00000000 00:00 0 
7f434cdda000-7f434ce64000 ---p 00000000 00:00 0 
7f434ce64000-7f434cffb000 rw-p 00000000 00:00 0 
7f434cffb000-7f434d10f000 ---p 00000000 00:00 0 
7f434d10f000-7f434d139000 rw-p 00000000 00:00 0 
7f434d139000-7f434d4d0000 ---p 00000000 00:00 0 
7f434d4d0000-7f434def0000 rwxp 00000000 00:00 0 
7f434def0000-7f435c4d0000 ---p 00000000 00:00 0 
7f435c4d0000-7f435c4ea000 r-xp 00000000 fe:00 527853                     /usr/lib/jvm/java-8-oracle/jre/lib/amd64/libzip.so
7f435c4ea000-7f435c6ea000 ---p 0001a000 fe:00 527853                     /usr/lib/jvm/java-8-oracle/jre/lib/amd64/libzip.so
7f435c6ea000-7f435c6eb000 rw-p 0001a000 fe:00 527853                     /usr/lib/jvm/java-8-oracle/jre/lib/amd64/libzip.so
7f435c6eb000-7f435c6f6000 r-xp 00000000 fe:00 131587                     /lib/x86_64-linux-gnu/libnss_files-2.13.so
7f435c6f6000-7f435c8f5000 ---p 0000b000 fe:00 131587                     /lib/x86_64-linux-gnu/libnss_files-2.13.so
7f435c8f5000-7f435c8f6000 r--p 0000a000 fe:00 131587                     /lib/x86_64-linux-gnu/libnss_files-2.13.so
7f435c8f6000-7f435c8f7000 rw-p 0000b000 fe:00 131587                     /lib/x86_64-linux-gnu/libnss_files-2.13.so
7f435c8f7000-7f435c901000 r-xp 00000000 fe:00 131601                     /lib/x86_64-linux-gnu/libnss_nis-2.13.so
7f435c901000-7f435cb00000 ---p 0000a000 fe:00 131601                     /lib/x86_64-linux-gnu/libnss_nis-2.13.so
7f435cb00000-7f435cb01000 r--p 00009000 fe:00 131601                     /lib/x86_64-linux-gnu/libnss_nis-2.13.so
7f435cb01000-7f435cb02000 rw-p 0000a000 fe:00 131601                     /lib/x86_64-linux-gnu/libnss_nis-2.13.so
7f435cb02000-7f435cb17000 r-xp 00000000 fe:00 131589                     /lib/x86_64-linux-gnu/libnsl-2.13.so
7f435cb17000-7f435cd16000 ---p 00015000 fe:00 131589                     /lib/x86_64-linux-gnu/libnsl-2.13.so
7f435cd16000-7f435cd17000 r--p 00014000 fe:00 131589                     /lib/x86_64-linux-gnu/libnsl-2.13.so
7f435cd17000-7f435cd18000 rw-p 00015000 fe:00 131589                     /lib/x86_64-linux-gnu/libnsl-2.13.so
7f435cd18000-7f435cd1a000 rw-p 00000000 00:00 0 
7f435cd1a000-7f435cd21000 r-xp 00000000 fe:00 131607                     /lib/x86_64-linux-gnu/libnss_compat-2.13.so
7f435cd21000-7f435cf20000 ---p 00007000 fe:00 131607                     /lib/x86_64-linux-gnu/libnss_compat-2.13.so
7f435cf20000-7f435cf21000 r--p 00006000 fe:00 131607                     /lib/x86_64-linux-gnu/libnss_compat-2.13.so
7f435cf21000-7f435cf22000 rw-p 00007000 fe:00 131607                     /lib/x86_64-linux-gnu/libnss_compat-2.13.so
7f435cf22000-7f435cf4c000 r-xp 00000000 fe:00 527827                     /usr/lib/jvm/java-8-oracle/jre/lib/amd64/libjava.so
7f435cf4c000-7f435d14c000 ---p 0002a000 fe:00 527827                     /usr/lib/jvm/java-8-oracle/jre/lib/amd64/libjava.so
7f435d14c000-7f435d14e000 rw-p 0002a000 fe:00 527827                     /usr/lib/jvm/java-8-oracle/jre/lib/amd64/libjava.so
7f435d14e000-7f435d15b000 r-xp 00000000 fe:00 527834                     /usr/lib/jvm/java-8-oracle/jre/lib/amd64/libverify.so
7f435d15b000-7f435d35b000 ---p 0000d000 fe:00 527834                     /usr/lib/jvm/java-8-oracle/jre/lib/amd64/libverify.so
7f435d35b000-7f435d35d000 rw-p 0000d000 fe:00 527834                     /usr/lib/jvm/java-8-oracle/jre/lib/amd64/libverify.so
7f435d35d000-7f435d364000 r-xp 00000000 fe:00 131615                     /lib/x86_64-linux-gnu/librt-2.13.so
7f435d364000-7f435d563000 ---p 00007000 fe:00 131615                     /lib/x86_64-linux-gnu/librt-2.13.so
7f435d563000-7f435d564000 r--p 00006000 fe:00 131615                     /lib/x86_64-linux-gnu/librt-2.13.so
7f435d564000-7f435d565000 rw-p 00007000 fe:00 131615                     /lib/x86_64-linux-gnu/librt-2.13.so
7f435d565000-7f435d5e6000 r-xp 00000000 fe:00 131586                     /lib/x86_64-linux-gnu/libm-2.13.so
7f435d5e6000-7f435d7e5000 ---p 00081000 fe:00 131586                     /lib/x86_64-linux-gnu/libm-2.13.so
7f435d7e5000-7f435d7e6000 r--p 00080000 fe:00 131586                     /lib/x86_64-linux-gnu/libm-2.13.so
7f435d7e6000-7f435d7e7000 rw-p 00081000 fe:00 131586                     /lib/x86_64-linux-gnu/libm-2.13.so
7f435d7e7000-7f435e495000 r-xp 00000000 fe:00 527840                     /usr/lib/jvm/java-8-oracle/jre/lib/amd64/server/libjvm.so
7f435e495000-7f435e694000 ---p 00cae000 fe:00 527840                     /usr/lib/jvm/java-8-oracle/jre/lib/amd64/server/libjvm.so
7f435e694000-7f435e76b000 rw-p 00cad000 fe:00 527840                     /usr/lib/jvm/java-8-oracle/jre/lib/amd64/server/libjvm.so
7f435e76b000-7f435e7af000 rw-p 00000000 00:00 0 
7f435e7af000-7f435e930000 r-xp 00000000 fe:00 131592                     /lib/x86_64-linux-gnu/libc-2.13.so
7f435e930000-7f435eb30000 ---p 00181000 fe:00 131592                     /lib/x86_64-linux-gnu/libc-2.13.so
7f435eb30000-7f435eb34000 r--p 00181000 fe:00 131592                     /lib/x86_64-linux-gnu/libc-2.13.so
7f435eb34000-7f435eb35000 rw-p 00185000 fe:00 131592                     /lib/x86_64-linux-gnu/libc-2.13.so
7f435eb35000-7f435eb3a000 rw-p 00000000 00:00 0 
7f435eb3a000-7f435eb3c000 r-xp 00000000 fe:00 131602                     /lib/x86_64-linux-gnu/libdl-2.13.so
7f435eb3c000-7f435ed3c000 ---p 00002000 fe:00 131602                     /lib/x86_64-linux-gnu/libdl-2.13.so
7f435ed3c000-7f435ed3d000 r--p 00002000 fe:00 131602                     /lib/x86_64-linux-gnu/libdl-2.13.so
7f435ed3d000-7f435ed3e000 rw-p 00003000 fe:00 131602                     /lib/x86_64-linux-gnu/libdl-2.13.so
7f435ed3e000-7f435ed53000 r-xp 00000000 fe:00 527855                     /usr/lib/jvm/java-8-oracle/jre/lib/amd64/jli/libjli.so
7f435ed53000-7f435ef53000 ---p 00015000 fe:00 527855                     /usr/lib/jvm/java-8-oracle/jre/lib/amd64/jli/libjli.so
7f435ef53000-7f435ef54000 rw-p 00015000 fe:00 527855                     /usr/lib/jvm/java-8-oracle/jre/lib/amd64/jli/libjli.so
7f435ef54000-7f435ef6b000 r-xp 00000000 fe:00 131617                     /lib/x86_64-linux-gnu/libpthread-2.13.so
7f435ef6b000-7f435f16a000 ---p 00017000 fe:00 131617                     /lib/x86_64-linux-gnu/libpthread-2.13.so
7f435f16a000-7f435f16b000 r--p 00016000 fe:00 131617                     /lib/x86_64-linux-gnu/libpthread-2.13.so
7f435f16b000-7f435f16c000 rw-p 00017000 fe:00 131617                     /lib/x86_64-linux-gnu/libpthread-2.13.so
7f435f16c000-7f435f170000 rw-p 00000000 00:00 0 
7f435f170000-7f435f190000 r-xp 00000000 fe:00 131611                     /lib/x86_64-linux-gnu/ld-2.13.so
7f435f1c9000-7f435f1ca000 rw-p 00000000 00:00 0 
7f435f1ca000-7f435f1cf000 r--s 00094000 fe:00 527644                     /usr/lib/jvm/java-8-oracle/jre/lib/jsse.jar
7f435f1cf000-7f435f1eb000 r--s 00393000 fe:00 527588                     /usr/lib/jvm/java-8-oracle/jre/lib/ext/cldrdata.jar
7f435f1eb000-7f435f1f6000 r--s 00116000 fe:00 527584                     /usr/lib/jvm/java-8-oracle/jre/lib/ext/localedata.jar
7f435f1f6000-7f435f279000 rw-p 00000000 00:00 0 
7f435f279000-7f435f281000 rw-s 00000000 fe:00 146                        /tmp/hsperfdata_root/16825
7f435f281000-7f435f284000 ---p 00000000 00:00 0 
7f435f284000-7f435f386000 rw-p 00000000 00:00 0 
7f435f386000-7f435f38b000 r--s 002f8000 fe:00 527597                     /usr/lib/jvm/java-8-oracle/jre/lib/charsets.jar
7f435f38b000-7f435f38c000 rw-p 00000000 00:00 0 
7f435f38c000-7f435f38d000 ---p 00000000 00:00 0 
7f435f38d000-7f435f38f000 rw-p 00000000 00:00 0 
7f435f38f000-7f435f390000 r--p 0001f000 fe:00 131611                     /lib/x86_64-linux-gnu/ld-2.13.so
7f435f390000-7f435f391000 rw-p 00020000 fe:00 131611                     /lib/x86_64-linux-gnu/ld-2.13.so
7f435f391000-7f435f392000 rw-p 00000000 00:00 0 
7ffc75f8a000-7ffc75fab000 rw-p 00000000 00:00 0                          [stack]
7ffc75fef000-7ffc75ff0000 r-xp 00000000 00:00 0                          [vdso]
ffffffffff600000-ffffffffff601000 r-xp 00000000 00:00 0                  [vsyscall]

VM Arguments:
jvm_args: -Xmx2048m -Xms256m 
java_command: servlets.Main
java_class_path (initial): L1.1.jar
Launcher Type: SUN_STANDARD

Environment Variables:
PATH=/usr/local/sbin:/usr/local/bin:/usr/sbin:/usr/bin:/sbin:/bin
SHELL=/bin/bash

Signal Handlers:
SIGSEGV: [libjvm.so+0xaad1e0], sa_mask[0]=11111111011111111101111111111110, sa_flags=SA_RESTART|SA_SIGINFO
SIGBUS: [libjvm.so+0xaad1e0], sa_mask[0]=11111111011111111101111111111110, sa_flags=SA_RESTART|SA_SIGINFO
SIGFPE: [libjvm.so+0x90b450], sa_mask[0]=11111111011111111101111111111110, sa_flags=SA_RESTART|SA_SIGINFO
SIGPIPE: [libjvm.so+0x90b450], sa_mask[0]=11111111011111111101111111111110, sa_flags=SA_RESTART|SA_SIGINFO
SIGXFSZ: [libjvm.so+0x90b450], sa_mask[0]=11111111011111111101111111111110, sa_flags=SA_RESTART|SA_SIGINFO
SIGILL: [libjvm.so+0x90b450], sa_mask[0]=11111111011111111101111111111110, sa_flags=SA_RESTART|SA_SIGINFO
SIGUSR1: SIG_DFL, sa_mask[0]=00000000000000000000000000000000, sa_flags=none
SIGUSR2: [libjvm.so+0x90ca90], sa_mask[0]=00000000000000000000000000000000, sa_flags=SA_RESTART|SA_SIGINFO
SIGHUP: [libjvm.so+0x90dde0], sa_mask[0]=11111111011111111101111111111110, sa_flags=SA_RESTART|SA_SIGINFO
SIGINT: [libjvm.so+0x90dde0], sa_mask[0]=11111111011111111101111111111110, sa_flags=SA_RESTART|SA_SIGINFO
SIGTERM: [libjvm.so+0x90dde0], sa_mask[0]=11111111011111111101111111111110, sa_flags=SA_RESTART|SA_SIGINFO
SIGQUIT: [libjvm.so+0x90dde0], sa_mask[0]=11111111011111111101111111111110, sa_flags=SA_RESTART|SA_SIGINFO


---------------  S Y S T E M  ---------------

OS:PRETTY_NAME="Debian GNU/Linux 7 (wheezy)"
NAME="Debian GNU/Linux"
VERSION_ID="7"
VERSION="7 (wheezy)"
ID=debian
ANSI_COLOR="1;31"
HOME_URL="http://www.debian.org/"
SUPPORT_URL="http://www.debian.org/support/"
BUG_REPORT_URL="http://bugs.debian.org/"

uname:Linux 3.2.0-4-amd64 #1 SMP Debian 3.2.65-1+deb7u2 x86_64
libc:glibc 2.13 NPTL 2.13 
rlimit: STACK 8192k, CORE 0k, NPROC 11752, NOFILE 4096, AS infinity
load average:2.72 2.63 1.72

/proc/meminfo:
MemTotal:        1537916 kB
MemFree:           13364 kB
Buffers:            2416 kB
Cached:            21620 kB
SwapCached:         6424 kB
Active:          1105200 kB
Inactive:         377128 kB
Active(anon):    1092076 kB
Inactive(anon):   366328 kB
Active(file):      13124 kB
Inactive(file):    10800 kB
Unevictable:           0 kB
Mlocked:               0 kB
SwapTotal:        679932 kB
SwapFree:         147376 kB
Dirty:                48 kB
Writeback:             0 kB
AnonPages:       1455576 kB
Mapped:            10848 kB
Shmem:                20 kB
Slab:              14240 kB
SReclaimable:       7928 kB
SUnreclaim:         6312 kB
KernelStack:        1408 kB
PageTables:         6612 kB
NFS_Unstable:          0 kB
Bounce:                0 kB
WritebackTmp:          0 kB
CommitLimit:     1448888 kB
Committed_AS:    2284912 kB
VmallocTotal:   34359738367 kB
VmallocUsed:       15040 kB
VmallocChunk:   34359722831 kB
HardwareCorrupted:     0 kB
AnonHugePages:         0 kB
HugePages_Total:       0
HugePages_Free:        0
HugePages_Rsvd:        0
HugePages_Surp:        0
Hugepagesize:       2048 kB
DirectMap4k:     1572864 kB
DirectMap2M:           0 kB


CPU:total 1 (4 cores per cpu, 1 threads per core) family 6 model 45 stepping 7, cmov, cx8, fxsr, mmx, sse, sse2, sse3, ssse3, sse4.1, sse4.2, popcnt, aes, clmul, tsc, tscinvbit, tscinv

/proc/cpuinfo:
processor	: 0
vendor_id	: GenuineIntel
cpu family	: 6
model		: 45
model name	: Intel(R) Xeon(R) CPU E5-2609 0 @ 2.40GHz
stepping	: 7
microcode	: 0x70d
cpu MHz		: 2400.034
cache size	: 10240 KB
physical id	: 1
siblings	: 1
core id		: 3
cpu cores	: 1
apicid		: 38
initial apicid	: 38
fpu		: yes
fpu_exception	: yes
cpuid level	: 13
wp		: yes
flags		: fpu de tsc msr pae cx8 sep cmov pat clflush mmx fxsr sse sse2 ss ht syscall nx lm constant_tsc up rep_good nopl pni pclmulqdq ssse3 cx16 sse4_1 sse4_2 x2apic popcnt tsc_deadline_timer aes hypervisor lahf_lm arat epb pln pts dtherm
bogomips	: 4800.06
clflush size	: 64
cache_alignment	: 64
address sizes	: 46 bits physical, 48 bits virtual
power management:



Memory: 4k page, physical 1537916k(13364k free), swap 679932k(147376k free)

vm_info: Java HotSpot(TM) 64-Bit Server VM (25.45-b02) for linux-amd64 JRE (1.8.0_45-b14), built on Apr 10 2015 10:07:45 by "java_re" with gcc 4.3.0 20080428 (Red Hat 4.3.0-8)

time: Mon Jun 15 23:44:38 2015
elapsed time: 945 seconds (0d 0h 15m 45s)

